2025-11-09 08:31:13,455 - Waiting for Kafka broker at kafka:9093... retrying in 5s.
2025-11-09 08:31:18,503 - Successfully connected to Kafka topic 'access_logs' at kafka:9093
2025-11-09 08:31:18,507 - Successfully connected to database 'metadata.db'
2025-11-09 08:31:18,507 - Waiting for messages...
2025-11-09 08:31:22,372 - Processing message: file_name = user_activity_stream.json
2025-11-09 08:31:22,381 - Successfully updated access count for 'user_activity_stream.json'.
2025-11-09 08:31:22,384 - Processing message: file_name = project_alpha_logs.csv
2025-11-09 08:31:22,387 - Successfully updated access count for 'project_alpha_logs.csv'.
2025-11-09 08:31:23,111 - Processing message: file_name = project_alpha_logs.csv
2025-11-09 08:31:23,113 - Successfully updated access count for 'project_alpha_logs.csv'.
2025-11-09 08:31:25,306 - Processing message: file_name = 2021_archive.zip
2025-11-09 08:31:25,315 - Successfully updated access count for '2021_archive.zip'.
2025-11-09 08:31:26,954 - Processing message: file_name = user_activity_stream.json
2025-11-09 08:31:26,963 - Successfully updated access count for 'user_activity_stream.json'.
2025-11-09 08:31:29,302 - Processing message: file_name = hr_payroll_q4.dat
2025-11-09 08:31:29,308 - Successfully updated access count for 'hr_payroll_q4.dat'.
2025-11-09 08:31:30,754 - Processing message: file_name = user_activity_stream.json
2025-11-09 08:31:30,756 - Successfully updated access count for 'user_activity_stream.json'.
2025-11-09 08:31:32,565 - Processing message: file_name = hr_payroll_q4.dat
2025-11-09 08:31:32,571 - Successfully updated access count for 'hr_payroll_q4.dat'.
2025-11-09 08:31:35,540 - Processing message: file_name = 2021_archive.zip
2025-11-09 08:31:35,544 - Successfully updated access count for '2021_archive.zip'.
2025-11-09 08:31:37,534 - Processing message: file_name = 2021_archive.zip
2025-11-09 08:31:37,540 - Successfully updated access count for '2021_archive.zip'.
2025-11-09 08:31:39,039 - Processing message: file_name = hr_payroll_q4.dat
2025-11-09 08:31:39,041 - Successfully updated access count for 'hr_payroll_q4.dat'.
2025-11-09 08:31:42,040 - Processing message: file_name = user_activity_stream.json
2025-11-09 08:31:42,044 - Successfully updated access count for 'user_activity_stream.json'.
2025-11-09 08:31:45,014 - Processing message: file_name = user_activity_stream.json
2025-11-09 08:31:45,020 - Successfully updated access count for 'user_activity_stream.json'.
2025-11-09 08:31:47,270 - Processing message: file_name = project_alpha_logs.csv
2025-11-09 08:31:47,275 - Successfully updated access count for 'project_alpha_logs.csv'.
2025-11-09 08:31:50,085 - Processing message: file_name = 2021_archive.zip
2025-11-09 08:31:50,089 - Successfully updated access count for '2021_archive.zip'.
2025-11-09 08:31:52,061 - Processing message: file_name = 2021_archive.zip
2025-11-09 08:31:52,065 - Successfully updated access count for '2021_archive.zip'.
2025-11-09 08:31:54,956 - Processing message: file_name = project_alpha_logs.csv
2025-11-09 08:31:54,958 - Successfully updated access count for 'project_alpha_logs.csv'.
2025-11-09 08:31:57,416 - Processing message: file_name = 2021_archive.zip
2025-11-09 08:31:57,427 - Successfully updated access count for '2021_archive.zip'.
2025-11-09 08:31:59,876 - Processing message: file_name = user_activity_stream.json
2025-11-09 08:31:59,880 - Successfully updated access count for 'user_activity_stream.json'.
2025-11-09 08:32:00,987 - Processing message: file_name = 2021_archive.zip
2025-11-09 08:32:00,990 - Successfully updated access count for '2021_archive.zip'.
2025-11-09 08:32:02,754 - Processing message: file_name = hr_payroll_q4.dat
2025-11-09 08:32:02,761 - Successfully updated access count for 'hr_payroll_q4.dat'.
2025-11-09 08:32:04,642 - Processing message: file_name = project_alpha_logs.csv
2025-11-09 08:32:04,644 - Successfully updated access count for 'project_alpha_logs.csv'.
2025-11-09 08:32:07,136 - Processing message: file_name = 2021_archive.zip
2025-11-09 08:32:07,141 - Successfully updated access count for '2021_archive.zip'.
2025-11-09 08:32:08,871 - Processing message: file_name = 2021_archive.zip
2025-11-09 08:32:08,893 - Successfully updated access count for '2021_archive.zip'.
2025-11-09 08:32:11,181 - Processing message: file_name = project_alpha_logs.csv
2025-11-09 08:32:11,184 - Successfully updated access count for 'project_alpha_logs.csv'.
2025-11-09 08:32:12,846 - Processing message: file_name = hr_payroll_q4.dat
2025-11-09 08:32:12,850 - Successfully updated access count for 'hr_payroll_q4.dat'.
2025-11-09 08:32:14,170 - Processing message: file_name = hr_payroll_q4.dat
2025-11-09 08:32:14,173 - Successfully updated access count for 'hr_payroll_q4.dat'.
2025-11-09 08:32:16,457 - Processing message: file_name = hr_payroll_q4.dat
2025-11-09 08:32:16,461 - Successfully updated access count for 'hr_payroll_q4.dat'.
2025-11-09 08:32:19,081 - Processing message: file_name = 2021_archive.zip
2025-11-09 08:32:19,084 - Successfully updated access count for '2021_archive.zip'.
2025-11-09 08:32:21,059 - Processing message: file_name = user_activity_stream.json
2025-11-09 08:32:21,061 - Successfully updated access count for 'user_activity_stream.json'.
2025-11-09 08:32:23,219 - Processing message: file_name = project_alpha_logs.csv
2025-11-09 08:32:23,229 - Successfully updated access count for 'project_alpha_logs.csv'.
2025-11-09 08:32:25,399 - Processing message: file_name = 2021_archive.zip
2025-11-09 08:32:25,402 - Successfully updated access count for '2021_archive.zip'.
2025-11-09 08:32:28,389 - Processing message: file_name = hr_payroll_q4.dat
2025-11-09 08:32:28,394 - Successfully updated access count for 'hr_payroll_q4.dat'.
2025-11-09 08:32:30,135 - Processing message: file_name = 2021_archive.zip
2025-11-09 08:32:30,140 - Successfully updated access count for '2021_archive.zip'.
2025-11-09 08:32:31,706 - Processing message: file_name = project_alpha_logs.csv
2025-11-09 08:32:31,709 - Successfully updated access count for 'project_alpha_logs.csv'.
2025-11-09 08:32:34,142 - Processing message: file_name = project_alpha_logs.csv
2025-11-09 08:32:34,146 - Successfully updated access count for 'project_alpha_logs.csv'.
2025-11-09 08:32:36,296 - Processing message: file_name = 2021_archive.zip
2025-11-09 08:32:36,300 - Successfully updated access count for '2021_archive.zip'.
2025-11-09 08:32:38,119 - Processing message: file_name = 2021_archive.zip
2025-11-09 08:32:38,123 - Successfully updated access count for '2021_archive.zip'.
2025-11-09 08:32:40,004 - Processing message: file_name = hr_payroll_q4.dat
2025-11-09 08:32:40,009 - Successfully updated access count for 'hr_payroll_q4.dat'.
2025-11-09 08:32:41,044 - Processing message: file_name = project_alpha_logs.csv
2025-11-09 08:32:41,046 - Successfully updated access count for 'project_alpha_logs.csv'.
2025-11-09 08:32:43,506 - Processing message: file_name = user_activity_stream.json
2025-11-09 08:32:43,510 - Successfully updated access count for 'user_activity_stream.json'.
2025-11-09 08:32:45,654 - Processing message: file_name = project_alpha_logs.csv
2025-11-09 08:32:45,658 - Successfully updated access count for 'project_alpha_logs.csv'.
2025-11-09 08:32:47,458 - Processing message: file_name = user_activity_stream.json
2025-11-09 08:32:47,462 - Successfully updated access count for 'user_activity_stream.json'.
2025-11-09 08:32:50,437 - Processing message: file_name = project_alpha_logs.csv
2025-11-09 08:32:50,443 - Successfully updated access count for 'project_alpha_logs.csv'.
2025-11-09 08:32:52,696 - Processing message: file_name = project_alpha_logs.csv
2025-11-09 08:32:52,714 - Successfully updated access count for 'project_alpha_logs.csv'.
2025-11-09 08:32:54,416 - Processing message: file_name = 2021_archive.zip
2025-11-09 08:32:54,421 - Successfully updated access count for '2021_archive.zip'.
2025-11-09 08:32:56,299 - Processing message: file_name = hr_payroll_q4.dat
2025-11-09 08:32:56,305 - Successfully updated access count for 'hr_payroll_q4.dat'.
2025-11-09 08:32:57,420 - Processing message: file_name = project_alpha_logs.csv
2025-11-09 08:32:57,425 - Successfully updated access count for 'project_alpha_logs.csv'.
2025-11-09 08:32:59,839 - Processing message: file_name = hr_payroll_q4.dat
2025-11-09 08:32:59,843 - Successfully updated access count for 'hr_payroll_q4.dat'.
2025-11-09 08:33:01,447 - Processing message: file_name = user_activity_stream.json
2025-11-09 08:33:01,453 - Successfully updated access count for 'user_activity_stream.json'.
2025-11-09 08:33:02,581 - Processing message: file_name = user_activity_stream.json
2025-11-09 08:33:02,587 - Successfully updated access count for 'user_activity_stream.json'.
2025-11-09 08:33:04,726 - Processing message: file_name = 2021_archive.zip
2025-11-09 08:33:04,733 - Successfully updated access count for '2021_archive.zip'.
2025-11-09 08:33:05,954 - Processing message: file_name = project_alpha_logs.csv
2025-11-09 08:33:05,957 - Successfully updated access count for 'project_alpha_logs.csv'.
